0 info it worked if it ends with ok
1 verbose cli [ 'C:\\Program Files\\nodejs\\node.exe',
1 verbose cli   'C:\\Users\\LiangSen\\AppData\\Roaming\\npm\\node_modules\\npm\\bin\\npm-cli.js',
1 verbose cli   'run',
1 verbose cli   'dev' ]
2 info using npm@3.10.8
3 info using node@v6.6.0
4 verbose run-script [ 'predev', 'dev', 'postdev' ]
5 info lifecycle client@1.0.0~predev: client@1.0.0
6 silly lifecycle client@1.0.0~predev: no script for predev, continuing
7 info lifecycle client@1.0.0~dev: client@1.0.0
8 verbose lifecycle client@1.0.0~dev: unsafe-perm in lifecycle true
9 verbose lifecycle client@1.0.0~dev: PATH: C:\Users\LiangSen\AppData\Roaming\npm\node_modules\npm\bin\node-gyp-bin;C:\Users\LiangSen\Desktop\Aether\client\node_modules\.bin;C:\Users\LiangSen\.windows-build-tools\python27\;C:\Users\LiangSen\.windows-build-tools\python27\Scripts;C:\ProgramData\Oracle\Java\javapath;C:\WINDOWS\system32;C:\WINDOWS;C:\WINDOWS\System32\Wbem;C:\WINDOWS\System32\WindowsPowerShell\v1.0\;C:\Program Files (x86)\ATI Technologies\ATI.ACE\Core-Static;C:\Program Files\Git\cmd;C:\Program Files\Java\jdk1.8.0_101\bin;C:\Program Files (x86)\PuTTY\;C:\Program Files (x86)\Windows Kits\8.1\Windows Performance Toolkit\;C:\Program Files\nodejs\;C:\Ruby23-x64\bin;C:\Python27;C:\Python27\Scripts;C:\Users\LiangSen\AppData\Local\Microsoft\WindowsApps;C:\Users\LiangSen\AppData\Local\atom\bin;C:\Users\LiangSen\AppData\Roaming\npm
10 verbose lifecycle client@1.0.0~dev: CWD: C:\Users\LiangSen\Desktop\Aether\client
11 silly lifecycle client@1.0.0~dev: Args: [ '/d /s /c',
11 silly lifecycle   'webpack-dev-server --devtool eval --progress --colors --content-base build --hot --inline' ]
12 verbose stack Error: kill ENOSYS
12 verbose stack     at exports._errnoException (util.js:1036:11)
12 verbose stack     at process.kill (internal/process.js:172:13)
12 verbose stack     at process.listener (C:\Users\LiangSen\AppData\Roaming\npm\node_modules\npm\node_modules\npmlog\node_modules\gauge\node_modules\signal-exit\index.js:86:15)
12 verbose stack     at emitNone (events.js:91:20)
12 verbose stack     at process.emit (events.js:185:7)
12 verbose stack     at processEmit (C:\Users\LiangSen\AppData\Roaming\npm\node_modules\npm\node_modules\npmlog\node_modules\gauge\node_modules\signal-exit\index.js:146:32)
12 verbose stack     at processEmit (C:\Users\LiangSen\AppData\Roaming\npm\node_modules\npm\node_modules\npm-registry-client\node_modules\npmlog\node_modules\gauge\node_modules\signal-exit\index.js:146:32)
12 verbose stack     at Signal.wrap.onsignal (internal/process.js:199:44)
13 verbose cwd C:\Users\LiangSen\Desktop\Aether\client
14 error Windows_NT 10.0.14393
15 error argv "C:\\Program Files\\nodejs\\node.exe" "C:\\Users\\LiangSen\\AppData\\Roaming\\npm\\node_modules\\npm\\bin\\npm-cli.js" "run" "dev"
16 error node v6.6.0
17 error npm  v3.10.8
18 error code ENOSYS
19 error errno ENOSYS
20 error syscall kill
21 error kill ENOSYS
22 error If you need help, you may report this error at:
22 error     <https://github.com/npm/npm/issues>
23 verbose exit [ 1, true ]
